The system is: Linux - 3.8.0-29-generic - x86_64
Compiling the C compiler identification source file "CMakeCCompilerId.c" succeeded.
Compiler: /usr/bin/cc 
Build flags: 
Id flags: 

The output was:
0


Compilation of the C compiler identification source "CMakeCCompilerId.c" produced "a.out"

The C compiler identification is GNU, found in "/home/knallr/Development/PLK/openPOWERLINK_PIFA/build2/CMakeFiles/2.8.10.1/CompilerIdC/a.out"

Compiling the CXX compiler identification source file "CMakeCXXCompilerId.cpp" succeeded.
Compiler: /usr/bin/c++ 
Build flags: 
Id flags: 

The output was:
0


Compilation of the CXX compiler identification source "CMakeCXXCompilerId.cpp" produced "a.out"

The CXX compiler identification is GNU, found in "/home/knallr/Development/PLK/openPOWERLINK_PIFA/build2/CMakeFiles/2.8.10.1/CompilerIdCXX/a.out"

Determining if the C compiler works passed with the following output:
Change Dir: /home/knallr/Development/PLK/openPOWERLINK_PIFA/build2/CMakeFiles/CMakeTmp

Run Build Command:/usr/bin/make "cmTryCompileExec1292661702/fast"
/usr/bin/make -f CMakeFiles/cmTryCompileExec1292661702.dir/build.make CMakeFiles/cmTryCompileExec1292661702.dir/build
make[1]: Entering directory `/home/knallr/Development/PLK/openPOWERLINK_PIFA/build2/CMakeFiles/CMakeTmp'
/usr/bin/cmake -E cmake_progress_report /home/knallr/Development/PLK/openPOWERLINK_PIFA/build2/CMakeFiles/CMakeTmp/CMakeFiles 1
Building C object CMakeFiles/cmTryCompileExec1292661702.dir/testCCompiler.c.o
/usr/bin/cc    -o CMakeFiles/cmTryCompileExec1292661702.dir/testCCompiler.c.o   -c /home/knallr/Development/PLK/openPOWERLINK_PIFA/build2/CMakeFiles/CMakeTmp/testCCompiler.c
Linking C executable cmTryCompileExec1292661702
/usr/bin/cmake -E cmake_link_script CMakeFiles/cmTryCompileExec1292661702.dir/link.txt --verbose=1
/usr/bin/cc         CMakeFiles/cmTryCompileExec1292661702.dir/testCCompiler.c.o  -o cmTryCompileExec1292661702 -rdynamic 
make[1]: Leaving directory `/home/knallr/Development/PLK/openPOWERLINK_PIFA/build2/CMakeFiles/CMakeTmp'


Detecting C compiler ABI info compiled with the following output:
Change Dir: /home/knallr/Development/PLK/openPOWERLINK_PIFA/build2/CMakeFiles/CMakeTmp

Run Build Command:/usr/bin/make "cmTryCompileExec3126863899/fast"
/usr/bin/make -f CMakeFiles/cmTryCompileExec3126863899.dir/build.make CMakeFiles/cmTryCompileExec3126863899.dir/build
make[1]: Entering directory `/home/knallr/Development/PLK/openPOWERLINK_PIFA/build2/CMakeFiles/CMakeTmp'
/usr/bin/cmake -E cmake_progress_report /home/knallr/Development/PLK/openPOWERLINK_PIFA/build2/CMakeFiles/CMakeTmp/CMakeFiles 1
Building C object CMakeFiles/cmTryCompileExec3126863899.dir/CMakeCCompilerABI.c.o
/usr/bin/cc    -o CMakeFiles/cmTryCompileExec3126863899.dir/CMakeCCompilerABI.c.o   -c /usr/share/cmake-2.8/Modules/CMakeCCompilerABI.c
Linking C executable cmTryCompileExec3126863899
/usr/bin/cmake -E cmake_link_script CMakeFiles/cmTryCompileExec3126863899.dir/link.txt --verbose=1
/usr/bin/cc       -v CMakeFiles/cmTryCompileExec3126863899.dir/CMakeCCompilerABI.c.o  -o cmTryCompileExec3126863899 -rdynamic  
Using built-in specs.
COLLECT_GCC=/usr/bin/cc
COLLECT_LTO_WRAPPER=/usr/lib/gcc/x86_64-linux-gnu/4.7/lto-wrapper
Target: x86_64-linux-gnu
Configured with: ../src/configure -v --with-pkgversion='Ubuntu/Linaro 4.7.3-1ubuntu1' --with-bugurl=file:///usr/share/doc/gcc-4.7/README.Bugs --enable-languages=c,c++,go,fortran,objc,obj-c++ --prefix=/usr --program-suffix=-4.7 --enable-shared --enable-linker-build-id --libexecdir=/usr/lib --without-included-gettext --enable-threads=posix --with-gxx-include-dir=/usr/include/c++/4.7 --libdir=/usr/lib --enable-nls --with-sysroot=/ --enable-clocale=gnu --enable-libstdcxx-debug --enable-libstdcxx-time=yes --enable-gnu-unique-object --enable-plugin --with-system-zlib --enable-objc-gc --with-cloog --enable-cloog-backend=ppl --disable-cloog-version-check --disable-ppl-version-check --enable-multiarch --disable-werror --with-arch-32=i686 --with-abi=m64 --with-multilib-list=m32,m64,mx32 --with-tune=generic --enable-checking=release --build=x86_64-linux-gnu --host=x86_64-linux-gnu --target=x86_64-linux-gnu
Thread model: posix
gcc version 4.7.3 (Ubuntu/Linaro 4.7.3-1ubuntu1) 
COMPILER_PATH=/usr/lib/gcc/x86_64-linux-gnu/4.7/:/usr/lib/gcc/x86_64-linux-gnu/4.7/:/usr/lib/gcc/x86_64-linux-gnu/:/usr/lib/gcc/x86_64-linux-gnu/4.7/:/usr/lib/gcc/x86_64-linux-gnu/
LIBRARY_PATH=/usr/lib/gcc/x86_64-linux-gnu/4.7/:/usr/lib/gcc/x86_64-linux-gnu/4.7/../../../x86_64-linux-gnu/:/usr/lib/gcc/x86_64-linux-gnu/4.7/../../../../lib/:/lib/x86_64-linux-gnu/:/lib/../lib/:/usr/lib/x86_64-linux-gnu/:/usr/lib/../lib/:/usr/lib/gcc/x86_64-linux-gnu/4.7/../../../:/lib/:/usr/lib/
COLLECT_GCC_OPTIONS='-v' '-o' 'cmTryCompileExec3126863899' '-rdynamic' '-mtune=generic' '-march=x86-64'
 /usr/lib/gcc/x86_64-linux-gnu/4.7/collect2 --sysroot=/ --build-id --eh-frame-hdr -m elf_x86_64 --hash-style=gnu --as-needed -export-dynamic -dynamic-linker /lib64/ld-linux-x86-64.so.2 -z relro -o cmTryCompileExec3126863899 /usr/lib/gcc/x86_64-linux-gnu/4.7/../../../x86_64-linux-gnu/crt1.o /usr/lib/gcc/x86_64-linux-gnu/4.7/../../../x86_64-linux-gnu/crti.o /usr/lib/gcc/x86_64-linux-gnu/4.7/crtbegin.o -L/usr/lib/gcc/x86_64-linux-gnu/4.7 -L/usr/lib/gcc/x86_64-linux-gnu/4.7/../../../x86_64-linux-gnu -L/usr/lib/gcc/x86_64-linux-gnu/4.7/../../../../lib -L/lib/x86_64-linux-gnu -L/lib/../lib -L/usr/lib/x86_64-linux-gnu -L/usr/lib/../lib -L/usr/lib/gcc/x86_64-linux-gnu/4.7/../../.. CMakeFiles/cmTryCompileExec3126863899.dir/CMakeCCompilerABI.c.o -lgcc --as-needed -lgcc_s --no-as-needed -lc -lgcc --as-needed -lgcc_s --no-as-needed /usr/lib/gcc/x86_64-linux-gnu/4.7/crtend.o /usr/lib/gcc/x86_64-linux-gnu/4.7/../../../x86_64-linux-gnu/crtn.o
make[1]: Leaving directory `/home/knallr/Development/PLK/openPOWERLINK_PIFA/build2/CMakeFiles/CMakeTmp'


Parsed C implicit link information from above output:
  link line regex: [^( *|.*[/\])(ld|ld|collect2)[^/\]*( |$)]
  ignore line: [Change Dir: /home/knallr/Development/PLK/openPOWERLINK_PIFA/build2/CMakeFiles/CMakeTmp]
  ignore line: []
  ignore line: [Run Build Command:/usr/bin/make "cmTryCompileExec3126863899/fast"]
  ignore line: [/usr/bin/make -f CMakeFiles/cmTryCompileExec3126863899.dir/build.make CMakeFiles/cmTryCompileExec3126863899.dir/build]
  ignore line: [make[1]: Entering directory `/home/knallr/Development/PLK/openPOWERLINK_PIFA/build2/CMakeFiles/CMakeTmp']
  ignore line: [/usr/bin/cmake -E cmake_progress_report /home/knallr/Development/PLK/openPOWERLINK_PIFA/build2/CMakeFiles/CMakeTmp/CMakeFiles 1]
  ignore line: [Building C object CMakeFiles/cmTryCompileExec3126863899.dir/CMakeCCompilerABI.c.o]
  ignore line: [/usr/bin/cc    -o CMakeFiles/cmTryCompileExec3126863899.dir/CMakeCCompilerABI.c.o   -c /usr/share/cmake-2.8/Modules/CMakeCCompilerABI.c]
  ignore line: [Linking C executable cmTryCompileExec3126863899]
  ignore line: [/usr/bin/cmake -E cmake_link_script CMakeFiles/cmTryCompileExec3126863899.dir/link.txt --verbose=1]
  ignore line: [/usr/bin/cc       -v CMakeFiles/cmTryCompileExec3126863899.dir/CMakeCCompilerABI.c.o  -o cmTryCompileExec3126863899 -rdynamic  ]
  ignore line: [Using built-in specs.]
  ignore line: [COLLECT_GCC=/usr/bin/cc]
  ignore line: [COLLECT_LTO_WRAPPER=/usr/lib/gcc/x86_64-linux-gnu/4.7/lto-wrapper]
  ignore line: [Target: x86_64-linux-gnu]
  ignore line: [Configured with: ../src/configure -v --with-pkgversion='Ubuntu/Linaro 4.7.3-1ubuntu1' --with-bugurl=file:///usr/share/doc/gcc-4.7/README.Bugs --enable-languages=c,c++,go,fortran,objc,obj-c++ --prefix=/usr --program-suffix=-4.7 --enable-shared --enable-linker-build-id --libexecdir=/usr/lib --without-included-gettext --enable-threads=posix --with-gxx-include-dir=/usr/include/c++/4.7 --libdir=/usr/lib --enable-nls --with-sysroot=/ --enable-clocale=gnu --enable-libstdcxx-debug --enable-libstdcxx-time=yes --enable-gnu-unique-object --enable-plugin --with-system-zlib --enable-objc-gc --with-cloog --enable-cloog-backend=ppl --disable-cloog-version-check --disable-ppl-version-check --enable-multiarch --disable-werror --with-arch-32=i686 --with-abi=m64 --with-multilib-list=m32,m64,mx32 --with-tune=generic --enable-checking=release --build=x86_64-linux-gnu --host=x86_64-linux-gnu --target=x86_64-linux-gnu]
  ignore line: [Thread model: posix]
  ignore line: [gcc version 4.7.3 (Ubuntu/Linaro 4.7.3-1ubuntu1) ]
  ignore line: [COMPILER_PATH=/usr/lib/gcc/x86_64-linux-gnu/4.7/:/usr/lib/gcc/x86_64-linux-gnu/4.7/:/usr/lib/gcc/x86_64-linux-gnu/:/usr/lib/gcc/x86_64-linux-gnu/4.7/:/usr/lib/gcc/x86_64-linux-gnu/]
  ignore line: [LIBRARY_PATH=/usr/lib/gcc/x86_64-linux-gnu/4.7/:/usr/lib/gcc/x86_64-linux-gnu/4.7/../../../x86_64-linux-gnu/:/usr/lib/gcc/x86_64-linux-gnu/4.7/../../../../lib/:/lib/x86_64-linux-gnu/:/lib/../lib/:/usr/lib/x86_64-linux-gnu/:/usr/lib/../lib/:/usr/lib/gcc/x86_64-linux-gnu/4.7/../../../:/lib/:/usr/lib/]
  ignore line: [COLLECT_GCC_OPTIONS='-v' '-o' 'cmTryCompileExec3126863899' '-rdynamic' '-mtune=generic' '-march=x86-64']
  link line: [ /usr/lib/gcc/x86_64-linux-gnu/4.7/collect2 --sysroot=/ --build-id --eh-frame-hdr -m elf_x86_64 --hash-style=gnu --as-needed -export-dynamic -dynamic-linker /lib64/ld-linux-x86-64.so.2 -z relro -o cmTryCompileExec3126863899 /usr/lib/gcc/x86_64-linux-gnu/4.7/../../../x86_64-linux-gnu/crt1.o /usr/lib/gcc/x86_64-linux-gnu/4.7/../../../x86_64-linux-gnu/crti.o /usr/lib/gcc/x86_64-linux-gnu/4.7/crtbegin.o -L/usr/lib/gcc/x86_64-linux-gnu/4.7 -L/usr/lib/gcc/x86_64-linux-gnu/4.7/../../../x86_64-linux-gnu -L/usr/lib/gcc/x86_64-linux-gnu/4.7/../../../../lib -L/lib/x86_64-linux-gnu -L/lib/../lib -L/usr/lib/x86_64-linux-gnu -L/usr/lib/../lib -L/usr/lib/gcc/x86_64-linux-gnu/4.7/../../.. CMakeFiles/cmTryCompileExec3126863899.dir/CMakeCCompilerABI.c.o -lgcc --as-needed -lgcc_s --no-as-needed -lc -lgcc --as-needed -lgcc_s --no-as-needed /usr/lib/gcc/x86_64-linux-gnu/4.7/crtend.o /usr/lib/gcc/x86_64-linux-gnu/4.7/../../../x86_64-linux-gnu/crtn.o]
    arg [/usr/lib/gcc/x86_64-linux-gnu/4.7/collect2] ==> ignore
    arg [--sysroot=/] ==> ignore
    arg [--build-id] ==> ignore
    arg [--eh-frame-hdr] ==> ignore
    arg [-m] ==> ignore
    arg [elf_x86_64] ==> ignore
    arg [--hash-style=gnu] ==> ignore
    arg [--as-needed] ==> ignore
    arg [-export-dynamic] ==> ignore
    arg [-dynamic-linker] ==> ignore
    arg [/lib64/ld-linux-x86-64.so.2] ==> ignore
    arg [-zrelro] ==> ignore
    arg [-o] ==> ignore
    arg [cmTryCompileExec3126863899] ==> ignore
    arg [/usr/lib/gcc/x86_64-linux-gnu/4.7/../../../x86_64-linux-gnu/crt1.o] ==> ignore
    arg [/usr/lib/gcc/x86_64-linux-gnu/4.7/../../../x86_64-linux-gnu/crti.o] ==> ignore
    arg [/usr/lib/gcc/x86_64-linux-gnu/4.7/crtbegin.o] ==> ignore
    arg [-L/usr/lib/gcc/x86_64-linux-gnu/4.7] ==> dir [/usr/lib/gcc/x86_64-linux-gnu/4.7]
    arg [-L/usr/lib/gcc/x86_64-linux-gnu/4.7/../../../x86_64-linux-gnu] ==> dir [/usr/lib/gcc/x86_64-linux-gnu/4.7/../../../x86_64-linux-gnu]
    arg [-L/usr/lib/gcc/x86_64-linux-gnu/4.7/../../../../lib] ==> dir [/usr/lib/gcc/x86_64-linux-gnu/4.7/../../../../lib]
    arg [-L/lib/x86_64-linux-gnu] ==> dir [/lib/x86_64-linux-gnu]
    arg [-L/lib/../lib] ==> dir [/lib/../lib]
    arg [-L/usr/lib/x86_64-linux-gnu] ==> dir [/usr/lib/x86_64-linux-gnu]
    arg [-L/usr/lib/../lib] ==> dir [/usr/lib/../lib]
    arg [-L/usr/lib/gcc/x86_64-linux-gnu/4.7/../../..] ==> dir [/usr/lib/gcc/x86_64-linux-gnu/4.7/../../..]
    arg [CMakeFiles/cmTryCompileExec3126863899.dir/CMakeCCompilerABI.c.o] ==> ignore
    arg [-lgcc] ==> lib [gcc]
    arg [--as-needed] ==> ignore
    arg [-lgcc_s] ==> lib [gcc_s]
    arg [--no-as-needed] ==> ignore
    arg [-lc] ==> lib [c]
    arg [-lgcc] ==> lib [gcc]
    arg [--as-needed] ==> ignore
    arg [-lgcc_s] ==> lib [gcc_s]
    arg [--no-as-needed] ==> ignore
    arg [/usr/lib/gcc/x86_64-linux-gnu/4.7/crtend.o] ==> ignore
    arg [/usr/lib/gcc/x86_64-linux-gnu/4.7/../../../x86_64-linux-gnu/crtn.o] ==> ignore
  remove lib [gcc]
  remove lib [gcc_s]
  remove lib [gcc]
  remove lib [gcc_s]
  collapse dir [/usr/lib/gcc/x86_64-linux-gnu/4.7] ==> [/usr/lib/gcc/x86_64-linux-gnu/4.7]
  collapse dir [/usr/lib/gcc/x86_64-linux-gnu/4.7/../../../x86_64-linux-gnu] ==> [/usr/lib/x86_64-linux-gnu]
  collapse dir [/usr/lib/gcc/x86_64-linux-gnu/4.7/../../../../lib] ==> [/usr/lib]
  collapse dir [/lib/x86_64-linux-gnu] ==> [/lib/x86_64-linux-gnu]
  collapse dir [/lib/../lib] ==> [/lib]
  collapse dir [/usr/lib/x86_64-linux-gnu] ==> [/usr/lib/x86_64-linux-gnu]
  collapse dir [/usr/lib/../lib] ==> [/usr/lib]
  collapse dir [/usr/lib/gcc/x86_64-linux-gnu/4.7/../../..] ==> [/usr/lib]
  implicit libs: [c]
  implicit dirs: [/usr/lib/gcc/x86_64-linux-gnu/4.7;/usr/lib/x86_64-linux-gnu;/usr/lib;/lib/x86_64-linux-gnu;/lib]


Determining if the CXX compiler works passed with the following output:
Change Dir: /home/knallr/Development/PLK/openPOWERLINK_PIFA/build2/CMakeFiles/CMakeTmp

Run Build Command:/usr/bin/make "cmTryCompileExec218996324/fast"
/usr/bin/make -f CMakeFiles/cmTryCompileExec218996324.dir/build.make CMakeFiles/cmTryCompileExec218996324.dir/build
make[1]: Entering directory `/home/knallr/Development/PLK/openPOWERLINK_PIFA/build2/CMakeFiles/CMakeTmp'
/usr/bin/cmake -E cmake_progress_report /home/knallr/Development/PLK/openPOWERLINK_PIFA/build2/CMakeFiles/CMakeTmp/CMakeFiles 1
Building CXX object CMakeFiles/cmTryCompileExec218996324.dir/testCXXCompiler.cxx.o
/usr/bin/c++     -o CMakeFiles/cmTryCompileExec218996324.dir/testCXXCompiler.cxx.o -c /home/knallr/Development/PLK/openPOWERLINK_PIFA/build2/CMakeFiles/CMakeTmp/testCXXCompiler.cxx
Linking CXX executable cmTryCompileExec218996324
/usr/bin/cmake -E cmake_link_script CMakeFiles/cmTryCompileExec218996324.dir/link.txt --verbose=1
/usr/bin/c++          CMakeFiles/cmTryCompileExec218996324.dir/testCXXCompiler.cxx.o  -o cmTryCompileExec218996324 -rdynamic 
make[1]: Leaving directory `/home/knallr/Development/PLK/openPOWERLINK_PIFA/build2/CMakeFiles/CMakeTmp'


Detecting CXX compiler ABI info compiled with the following output:
Change Dir: /home/knallr/Development/PLK/openPOWERLINK_PIFA/build2/CMakeFiles/CMakeTmp

Run Build Command:/usr/bin/make "cmTryCompileExec122983942/fast"
/usr/bin/make -f CMakeFiles/cmTryCompileExec122983942.dir/build.make CMakeFiles/cmTryCompileExec122983942.dir/build
make[1]: Entering directory `/home/knallr/Development/PLK/openPOWERLINK_PIFA/build2/CMakeFiles/CMakeTmp'
/usr/bin/cmake -E cmake_progress_report /home/knallr/Development/PLK/openPOWERLINK_PIFA/build2/CMakeFiles/CMakeTmp/CMakeFiles 1
Building CXX object CMakeFiles/cmTryCompileExec122983942.dir/CMakeCXXCompilerABI.cpp.o
/usr/bin/c++     -o CMakeFiles/cmTryCompileExec122983942.dir/CMakeCXXCompilerABI.cpp.o -c /usr/share/cmake-2.8/Modules/CMakeCXXCompilerABI.cpp
Linking CXX executable cmTryCompileExec122983942
/usr/bin/cmake -E cmake_link_script CMakeFiles/cmTryCompileExec122983942.dir/link.txt --verbose=1
/usr/bin/c++        -v CMakeFiles/cmTryCompileExec122983942.dir/CMakeCXXCompilerABI.cpp.o  -o cmTryCompileExec122983942 -rdynamic  
Using built-in specs.
COLLECT_GCC=/usr/bin/c++
COLLECT_LTO_WRAPPER=/usr/lib/gcc/x86_64-linux-gnu/4.7/lto-wrapper
Target: x86_64-linux-gnu
Configured with: ../src/configure -v --with-pkgversion='Ubuntu/Linaro 4.7.3-1ubuntu1' --with-bugurl=file:///usr/share/doc/gcc-4.7/README.Bugs --enable-languages=c,c++,go,fortran,objc,obj-c++ --prefix=/usr --program-suffix=-4.7 --enable-shared --enable-linker-build-id --libexecdir=/usr/lib --without-included-gettext --enable-threads=posix --with-gxx-include-dir=/usr/include/c++/4.7 --libdir=/usr/lib --enable-nls --with-sysroot=/ --enable-clocale=gnu --enable-libstdcxx-debug --enable-libstdcxx-time=yes --enable-gnu-unique-object --enable-plugin --with-system-zlib --enable-objc-gc --with-cloog --enable-cloog-backend=ppl --disable-cloog-version-check --disable-ppl-version-check --enable-multiarch --disable-werror --with-arch-32=i686 --with-abi=m64 --with-multilib-list=m32,m64,mx32 --with-tune=generic --enable-checking=release --build=x86_64-linux-gnu --host=x86_64-linux-gnu --target=x86_64-linux-gnu
Thread model: posix
gcc version 4.7.3 (Ubuntu/Linaro 4.7.3-1ubuntu1) 
COMPILER_PATH=/usr/lib/gcc/x86_64-linux-gnu/4.7/:/usr/lib/gcc/x86_64-linux-gnu/4.7/:/usr/lib/gcc/x86_64-linux-gnu/:/usr/lib/gcc/x86_64-linux-gnu/4.7/:/usr/lib/gcc/x86_64-linux-gnu/
LIBRARY_PATH=/usr/lib/gcc/x86_64-linux-gnu/4.7/:/usr/lib/gcc/x86_64-linux-gnu/4.7/../../../x86_64-linux-gnu/:/usr/lib/gcc/x86_64-linux-gnu/4.7/../../../../lib/:/lib/x86_64-linux-gnu/:/lib/../lib/:/usr/lib/x86_64-linux-gnu/:/usr/lib/../lib/:/usr/lib/gcc/x86_64-linux-gnu/4.7/../../../:/lib/:/usr/lib/
COLLECT_GCC_OPTIONS='-v' '-o' 'cmTryCompileExec122983942' '-rdynamic' '-shared-libgcc' '-mtune=generic' '-march=x86-64'
 /usr/lib/gcc/x86_64-linux-gnu/4.7/collect2 --sysroot=/ --build-id --eh-frame-hdr -m elf_x86_64 --hash-style=gnu --as-needed -export-dynamic -dynamic-linker /lib64/ld-linux-x86-64.so.2 -z relro -o cmTryCompileExec122983942 /usr/lib/gcc/x86_64-linux-gnu/4.7/../../../x86_64-linux-gnu/crt1.o /usr/lib/gcc/x86_64-linux-gnu/4.7/../../../x86_64-linux-gnu/crti.o /usr/lib/gcc/x86_64-linux-gnu/4.7/crtbegin.o -L/usr/lib/gcc/x86_64-linux-gnu/4.7 -L/usr/lib/gcc/x86_64-linux-gnu/4.7/../../../x86_64-linux-gnu -L/usr/lib/gcc/x86_64-linux-gnu/4.7/../../../../lib -L/lib/x86_64-linux-gnu -L/lib/../lib -L/usr/lib/x86_64-linux-gnu -L/usr/lib/../lib -L/usr/lib/gcc/x86_64-linux-gnu/4.7/../../.. CMakeFiles/cmTryCompileExec122983942.dir/CMakeCXXCompilerABI.cpp.o -lstdc++ -lm -lgcc_s -lgcc -lc -lgcc_s -lgcc /usr/lib/gcc/x86_64-linux-gnu/4.7/crtend.o /usr/lib/gcc/x86_64-linux-gnu/4.7/../../../x86_64-linux-gnu/crtn.o
make[1]: Leaving directory `/home/knallr/Development/PLK/openPOWERLINK_PIFA/build2/CMakeFiles/CMakeTmp'


Parsed CXX implicit link information from above output:
  link line regex: [^( *|.*[/\])(ld|ld|collect2)[^/\]*( |$)]
  ignore line: [Change Dir: /home/knallr/Development/PLK/openPOWERLINK_PIFA/build2/CMakeFiles/CMakeTmp]
  ignore line: []
  ignore line: [Run Build Command:/usr/bin/make "cmTryCompileExec122983942/fast"]
  ignore line: [/usr/bin/make -f CMakeFiles/cmTryCompileExec122983942.dir/build.make CMakeFiles/cmTryCompileExec122983942.dir/build]
  ignore line: [make[1]: Entering directory `/home/knallr/Development/PLK/openPOWERLINK_PIFA/build2/CMakeFiles/CMakeTmp']
  ignore line: [/usr/bin/cmake -E cmake_progress_report /home/knallr/Development/PLK/openPOWERLINK_PIFA/build2/CMakeFiles/CMakeTmp/CMakeFiles 1]
  ignore line: [Building CXX object CMakeFiles/cmTryCompileExec122983942.dir/CMakeCXXCompilerABI.cpp.o]
  ignore line: [/usr/bin/c++     -o CMakeFiles/cmTryCompileExec122983942.dir/CMakeCXXCompilerABI.cpp.o -c /usr/share/cmake-2.8/Modules/CMakeCXXCompilerABI.cpp]
  ignore line: [Linking CXX executable cmTryCompileExec122983942]
  ignore line: [/usr/bin/cmake -E cmake_link_script CMakeFiles/cmTryCompileExec122983942.dir/link.txt --verbose=1]
  ignore line: [/usr/bin/c++        -v CMakeFiles/cmTryCompileExec122983942.dir/CMakeCXXCompilerABI.cpp.o  -o cmTryCompileExec122983942 -rdynamic  ]
  ignore line: [Using built-in specs.]
  ignore line: [COLLECT_GCC=/usr/bin/c++]
  ignore line: [COLLECT_LTO_WRAPPER=/usr/lib/gcc/x86_64-linux-gnu/4.7/lto-wrapper]
  ignore line: [Target: x86_64-linux-gnu]
  ignore line: [Configured with: ../src/configure -v --with-pkgversion='Ubuntu/Linaro 4.7.3-1ubuntu1' --with-bugurl=file:///usr/share/doc/gcc-4.7/README.Bugs --enable-languages=c,c++,go,fortran,objc,obj-c++ --prefix=/usr --program-suffix=-4.7 --enable-shared --enable-linker-build-id --libexecdir=/usr/lib --without-included-gettext --enable-threads=posix --with-gxx-include-dir=/usr/include/c++/4.7 --libdir=/usr/lib --enable-nls --with-sysroot=/ --enable-clocale=gnu --enable-libstdcxx-debug --enable-libstdcxx-time=yes --enable-gnu-unique-object --enable-plugin --with-system-zlib --enable-objc-gc --with-cloog --enable-cloog-backend=ppl --disable-cloog-version-check --disable-ppl-version-check --enable-multiarch --disable-werror --with-arch-32=i686 --with-abi=m64 --with-multilib-list=m32,m64,mx32 --with-tune=generic --enable-checking=release --build=x86_64-linux-gnu --host=x86_64-linux-gnu --target=x86_64-linux-gnu]
  ignore line: [Thread model: posix]
  ignore line: [gcc version 4.7.3 (Ubuntu/Linaro 4.7.3-1ubuntu1) ]
  ignore line: [COMPILER_PATH=/usr/lib/gcc/x86_64-linux-gnu/4.7/:/usr/lib/gcc/x86_64-linux-gnu/4.7/:/usr/lib/gcc/x86_64-linux-gnu/:/usr/lib/gcc/x86_64-linux-gnu/4.7/:/usr/lib/gcc/x86_64-linux-gnu/]
  ignore line: [LIBRARY_PATH=/usr/lib/gcc/x86_64-linux-gnu/4.7/:/usr/lib/gcc/x86_64-linux-gnu/4.7/../../../x86_64-linux-gnu/:/usr/lib/gcc/x86_64-linux-gnu/4.7/../../../../lib/:/lib/x86_64-linux-gnu/:/lib/../lib/:/usr/lib/x86_64-linux-gnu/:/usr/lib/../lib/:/usr/lib/gcc/x86_64-linux-gnu/4.7/../../../:/lib/:/usr/lib/]
  ignore line: [COLLECT_GCC_OPTIONS='-v' '-o' 'cmTryCompileExec122983942' '-rdynamic' '-shared-libgcc' '-mtune=generic' '-march=x86-64']
  link line: [ /usr/lib/gcc/x86_64-linux-gnu/4.7/collect2 --sysroot=/ --build-id --eh-frame-hdr -m elf_x86_64 --hash-style=gnu --as-needed -export-dynamic -dynamic-linker /lib64/ld-linux-x86-64.so.2 -z relro -o cmTryCompileExec122983942 /usr/lib/gcc/x86_64-linux-gnu/4.7/../../../x86_64-linux-gnu/crt1.o /usr/lib/gcc/x86_64-linux-gnu/4.7/../../../x86_64-linux-gnu/crti.o /usr/lib/gcc/x86_64-linux-gnu/4.7/crtbegin.o -L/usr/lib/gcc/x86_64-linux-gnu/4.7 -L/usr/lib/gcc/x86_64-linux-gnu/4.7/../../../x86_64-linux-gnu -L/usr/lib/gcc/x86_64-linux-gnu/4.7/../../../../lib -L/lib/x86_64-linux-gnu -L/lib/../lib -L/usr/lib/x86_64-linux-gnu -L/usr/lib/../lib -L/usr/lib/gcc/x86_64-linux-gnu/4.7/../../.. CMakeFiles/cmTryCompileExec122983942.dir/CMakeCXXCompilerABI.cpp.o -lstdc++ -lm -lgcc_s -lgcc -lc -lgcc_s -lgcc /usr/lib/gcc/x86_64-linux-gnu/4.7/crtend.o /usr/lib/gcc/x86_64-linux-gnu/4.7/../../../x86_64-linux-gnu/crtn.o]
    arg [/usr/lib/gcc/x86_64-linux-gnu/4.7/collect2] ==> ignore
    arg [--sysroot=/] ==> ignore
    arg [--build-id] ==> ignore
    arg [--eh-frame-hdr] ==> ignore
    arg [-m] ==> ignore
    arg [elf_x86_64] ==> ignore
    arg [--hash-style=gnu] ==> ignore
    arg [--as-needed] ==> ignore
    arg [-export-dynamic] ==> ignore
    arg [-dynamic-linker] ==> ignore
    arg [/lib64/ld-linux-x86-64.so.2] ==> ignore
    arg [-zrelro] ==> ignore
    arg [-o] ==> ignore
    arg [cmTryCompileExec122983942] ==> ignore
    arg [/usr/lib/gcc/x86_64-linux-gnu/4.7/../../../x86_64-linux-gnu/crt1.o] ==> ignore
    arg [/usr/lib/gcc/x86_64-linux-gnu/4.7/../../../x86_64-linux-gnu/crti.o] ==> ignore
    arg [/usr/lib/gcc/x86_64-linux-gnu/4.7/crtbegin.o] ==> ignore
    arg [-L/usr/lib/gcc/x86_64-linux-gnu/4.7] ==> dir [/usr/lib/gcc/x86_64-linux-gnu/4.7]
    arg [-L/usr/lib/gcc/x86_64-linux-gnu/4.7/../../../x86_64-linux-gnu] ==> dir [/usr/lib/gcc/x86_64-linux-gnu/4.7/../../../x86_64-linux-gnu]
    arg [-L/usr/lib/gcc/x86_64-linux-gnu/4.7/../../../../lib] ==> dir [/usr/lib/gcc/x86_64-linux-gnu/4.7/../../../../lib]
    arg [-L/lib/x86_64-linux-gnu] ==> dir [/lib/x86_64-linux-gnu]
    arg [-L/lib/../lib] ==> dir [/lib/../lib]
    arg [-L/usr/lib/x86_64-linux-gnu] ==> dir [/usr/lib/x86_64-linux-gnu]
    arg [-L/usr/lib/../lib] ==> dir [/usr/lib/../lib]
    arg [-L/usr/lib/gcc/x86_64-linux-gnu/4.7/../../..] ==> dir [/usr/lib/gcc/x86_64-linux-gnu/4.7/../../..]
    arg [CMakeFiles/cmTryCompileExec122983942.dir/CMakeCXXCompilerABI.cpp.o] ==> ignore
    arg [-lstdc++] ==> lib [stdc++]
    arg [-lm] ==> lib [m]
    arg [-lgcc_s] ==> lib [gcc_s]
    arg [-lgcc] ==> lib [gcc]
    arg [-lc] ==> lib [c]
    arg [-lgcc_s] ==> lib [gcc_s]
    arg [-lgcc] ==> lib [gcc]
    arg [/usr/lib/gcc/x86_64-linux-gnu/4.7/crtend.o] ==> ignore
    arg [/usr/lib/gcc/x86_64-linux-gnu/4.7/../../../x86_64-linux-gnu/crtn.o] ==> ignore
  remove lib [gcc_s]
  remove lib [gcc]
  remove lib [gcc_s]
  remove lib [gcc]
  collapse dir [/usr/lib/gcc/x86_64-linux-gnu/4.7] ==> [/usr/lib/gcc/x86_64-linux-gnu/4.7]
  collapse dir [/usr/lib/gcc/x86_64-linux-gnu/4.7/../../../x86_64-linux-gnu] ==> [/usr/lib/x86_64-linux-gnu]
  collapse dir [/usr/lib/gcc/x86_64-linux-gnu/4.7/../../../../lib] ==> [/usr/lib]
  collapse dir [/lib/x86_64-linux-gnu] ==> [/lib/x86_64-linux-gnu]
  collapse dir [/lib/../lib] ==> [/lib]
  collapse dir [/usr/lib/x86_64-linux-gnu] ==> [/usr/lib/x86_64-linux-gnu]
  collapse dir [/usr/lib/../lib] ==> [/usr/lib]
  collapse dir [/usr/lib/gcc/x86_64-linux-gnu/4.7/../../..] ==> [/usr/lib]
  implicit libs: [stdc++;m;c]
  implicit dirs: [/usr/lib/gcc/x86_64-linux-gnu/4.7;/usr/lib/x86_64-linux-gnu;/usr/lib;/lib/x86_64-linux-gnu;/lib]


Determining if the include file sys/socket.h exists passed with the following output:
Change Dir: /home/knallr/Development/PLK/openPOWERLINK_PIFA/build2/CMakeFiles/CMakeTmp

Run Build Command:/usr/bin/make "cmTryCompileExec1325289731/fast"
/usr/bin/make -f CMakeFiles/cmTryCompileExec1325289731.dir/build.make CMakeFiles/cmTryCompileExec1325289731.dir/build
make[1]: Entering directory `/home/knallr/Development/PLK/openPOWERLINK_PIFA/build2/CMakeFiles/CMakeTmp'
/usr/bin/cmake -E cmake_progress_report /home/knallr/Development/PLK/openPOWERLINK_PIFA/build2/CMakeFiles/CMakeTmp/CMakeFiles 1
Building C object CMakeFiles/cmTryCompileExec1325289731.dir/CheckIncludeFile.c.o
/usr/bin/cc    -o CMakeFiles/cmTryCompileExec1325289731.dir/CheckIncludeFile.c.o   -c /home/knallr/Development/PLK/openPOWERLINK_PIFA/build2/CMakeFiles/CMakeTmp/CheckIncludeFile.c
Linking C executable cmTryCompileExec1325289731
/usr/bin/cmake -E cmake_link_script CMakeFiles/cmTryCompileExec1325289731.dir/link.txt --verbose=1
/usr/bin/cc         CMakeFiles/cmTryCompileExec1325289731.dir/CheckIncludeFile.c.o  -o cmTryCompileExec1325289731 -rdynamic 
make[1]: Leaving directory `/home/knallr/Development/PLK/openPOWERLINK_PIFA/build2/CMakeFiles/CMakeTmp'


Determining if the include file netinet/in.h exists passed with the following output:
Change Dir: /home/knallr/Development/PLK/openPOWERLINK_PIFA/build2/CMakeFiles/CMakeTmp

Run Build Command:/usr/bin/make "cmTryCompileExec2580381045/fast"
/usr/bin/make -f CMakeFiles/cmTryCompileExec2580381045.dir/build.make CMakeFiles/cmTryCompileExec2580381045.dir/build
make[1]: Entering directory `/home/knallr/Development/PLK/openPOWERLINK_PIFA/build2/CMakeFiles/CMakeTmp'
/usr/bin/cmake -E cmake_progress_report /home/knallr/Development/PLK/openPOWERLINK_PIFA/build2/CMakeFiles/CMakeTmp/CMakeFiles 1
Building C object CMakeFiles/cmTryCompileExec2580381045.dir/CheckIncludeFile.c.o
/usr/bin/cc    -o CMakeFiles/cmTryCompileExec2580381045.dir/CheckIncludeFile.c.o   -c /home/knallr/Development/PLK/openPOWERLINK_PIFA/build2/CMakeFiles/CMakeTmp/CheckIncludeFile.c
Linking C executable cmTryCompileExec2580381045
/usr/bin/cmake -E cmake_link_script CMakeFiles/cmTryCompileExec2580381045.dir/link.txt --verbose=1
/usr/bin/cc         CMakeFiles/cmTryCompileExec2580381045.dir/CheckIncludeFile.c.o  -o cmTryCompileExec2580381045 -rdynamic 
make[1]: Leaving directory `/home/knallr/Development/PLK/openPOWERLINK_PIFA/build2/CMakeFiles/CMakeTmp'


Determining if the include file arpa/inet.h exists passed with the following output:
Change Dir: /home/knallr/Development/PLK/openPOWERLINK_PIFA/build2/CMakeFiles/CMakeTmp

Run Build Command:/usr/bin/make "cmTryCompileExec2444126581/fast"
/usr/bin/make -f CMakeFiles/cmTryCompileExec2444126581.dir/build.make CMakeFiles/cmTryCompileExec2444126581.dir/build
make[1]: Entering directory `/home/knallr/Development/PLK/openPOWERLINK_PIFA/build2/CMakeFiles/CMakeTmp'
/usr/bin/cmake -E cmake_progress_report /home/knallr/Development/PLK/openPOWERLINK_PIFA/build2/CMakeFiles/CMakeTmp/CMakeFiles 1
Building C object CMakeFiles/cmTryCompileExec2444126581.dir/CheckIncludeFile.c.o
/usr/bin/cc    -o CMakeFiles/cmTryCompileExec2444126581.dir/CheckIncludeFile.c.o   -c /home/knallr/Development/PLK/openPOWERLINK_PIFA/build2/CMakeFiles/CMakeTmp/CheckIncludeFile.c
Linking C executable cmTryCompileExec2444126581
/usr/bin/cmake -E cmake_link_script CMakeFiles/cmTryCompileExec2444126581.dir/link.txt --verbose=1
/usr/bin/cc         CMakeFiles/cmTryCompileExec2444126581.dir/CheckIncludeFile.c.o  -o cmTryCompileExec2444126581 -rdynamic 
make[1]: Leaving directory `/home/knallr/Development/PLK/openPOWERLINK_PIFA/build2/CMakeFiles/CMakeTmp'


Determining if the include file features.h exists passed with the following output:
Change Dir: /home/knallr/Development/PLK/openPOWERLINK_PIFA/build2/CMakeFiles/CMakeTmp

Run Build Command:/usr/bin/make "cmTryCompileExec1649629226/fast"
/usr/bin/make -f CMakeFiles/cmTryCompileExec1649629226.dir/build.make CMakeFiles/cmTryCompileExec1649629226.dir/build
make[1]: Entering directory `/home/knallr/Development/PLK/openPOWERLINK_PIFA/build2/CMakeFiles/CMakeTmp'
/usr/bin/cmake -E cmake_progress_report /home/knallr/Development/PLK/openPOWERLINK_PIFA/build2/CMakeFiles/CMakeTmp/CMakeFiles 1
Building C object CMakeFiles/cmTryCompileExec1649629226.dir/CheckIncludeFile.c.o
/usr/bin/cc    -o CMakeFiles/cmTryCompileExec1649629226.dir/CheckIncludeFile.c.o   -c /home/knallr/Development/PLK/openPOWERLINK_PIFA/build2/CMakeFiles/CMakeTmp/CheckIncludeFile.c
Linking C executable cmTryCompileExec1649629226
/usr/bin/cmake -E cmake_link_script CMakeFiles/cmTryCompileExec1649629226.dir/link.txt --verbose=1
/usr/bin/cc         CMakeFiles/cmTryCompileExec1649629226.dir/CheckIncludeFile.c.o  -o cmTryCompileExec1649629226 -rdynamic 
make[1]: Leaving directory `/home/knallr/Development/PLK/openPOWERLINK_PIFA/build2/CMakeFiles/CMakeTmp'


Determining if the include file arpa/nameser.h exists passed with the following output:
Change Dir: /home/knallr/Development/PLK/openPOWERLINK_PIFA/build2/CMakeFiles/CMakeTmp

Run Build Command:/usr/bin/make "cmTryCompileExec1973526071/fast"
/usr/bin/make -f CMakeFiles/cmTryCompileExec1973526071.dir/build.make CMakeFiles/cmTryCompileExec1973526071.dir/build
make[1]: Entering directory `/home/knallr/Development/PLK/openPOWERLINK_PIFA/build2/CMakeFiles/CMakeTmp'
/usr/bin/cmake -E cmake_progress_report /home/knallr/Development/PLK/openPOWERLINK_PIFA/build2/CMakeFiles/CMakeTmp/CMakeFiles 1
Building C object CMakeFiles/cmTryCompileExec1973526071.dir/CheckIncludeFile.c.o
/usr/bin/cc    -o CMakeFiles/cmTryCompileExec1973526071.dir/CheckIncludeFile.c.o   -c /home/knallr/Development/PLK/openPOWERLINK_PIFA/build2/CMakeFiles/CMakeTmp/CheckIncludeFile.c
Linking C executable cmTryCompileExec1973526071
/usr/bin/cmake -E cmake_link_script CMakeFiles/cmTryCompileExec1973526071.dir/link.txt --verbose=1
/usr/bin/cc         CMakeFiles/cmTryCompileExec1973526071.dir/CheckIncludeFile.c.o  -o cmTryCompileExec1973526071 -rdynamic 
make[1]: Leaving directory `/home/knallr/Development/PLK/openPOWERLINK_PIFA/build2/CMakeFiles/CMakeTmp'


Determining if the include file sys/param.h exists passed with the following output:
Change Dir: /home/knallr/Development/PLK/openPOWERLINK_PIFA/build2/CMakeFiles/CMakeTmp

Run Build Command:/usr/bin/make "cmTryCompileExec910405826/fast"
/usr/bin/make -f CMakeFiles/cmTryCompileExec910405826.dir/build.make CMakeFiles/cmTryCompileExec910405826.dir/build
make[1]: Entering directory `/home/knallr/Development/PLK/openPOWERLINK_PIFA/build2/CMakeFiles/CMakeTmp'
/usr/bin/cmake -E cmake_progress_report /home/knallr/Development/PLK/openPOWERLINK_PIFA/build2/CMakeFiles/CMakeTmp/CMakeFiles 1
Building C object CMakeFiles/cmTryCompileExec910405826.dir/CheckIncludeFile.c.o
/usr/bin/cc    -o CMakeFiles/cmTryCompileExec910405826.dir/CheckIncludeFile.c.o   -c /home/knallr/Development/PLK/openPOWERLINK_PIFA/build2/CMakeFiles/CMakeTmp/CheckIncludeFile.c
Linking C executable cmTryCompileExec910405826
/usr/bin/cmake -E cmake_link_script CMakeFiles/cmTryCompileExec910405826.dir/link.txt --verbose=1
/usr/bin/cc         CMakeFiles/cmTryCompileExec910405826.dir/CheckIncludeFile.c.o  -o cmTryCompileExec910405826 -rdynamic 
make[1]: Leaving directory `/home/knallr/Development/PLK/openPOWERLINK_PIFA/build2/CMakeFiles/CMakeTmp'


Determining if the include file sys/types.h exists passed with the following output:
Change Dir: /home/knallr/Development/PLK/openPOWERLINK_PIFA/build2/CMakeFiles/CMakeTmp

Run Build Command:/usr/bin/make "cmTryCompileExec1746176166/fast"
/usr/bin/make -f CMakeFiles/cmTryCompileExec1746176166.dir/build.make CMakeFiles/cmTryCompileExec1746176166.dir/build
make[1]: Entering directory `/home/knallr/Development/PLK/openPOWERLINK_PIFA/build2/CMakeFiles/CMakeTmp'
/usr/bin/cmake -E cmake_progress_report /home/knallr/Development/PLK/openPOWERLINK_PIFA/build2/CMakeFiles/CMakeTmp/CMakeFiles 1
Building C object CMakeFiles/cmTryCompileExec1746176166.dir/CheckIncludeFile.c.o
/usr/bin/cc    -o CMakeFiles/cmTryCompileExec1746176166.dir/CheckIncludeFile.c.o   -c /home/knallr/Development/PLK/openPOWERLINK_PIFA/build2/CMakeFiles/CMakeTmp/CheckIncludeFile.c
Linking C executable cmTryCompileExec1746176166
/usr/bin/cmake -E cmake_link_script CMakeFiles/cmTryCompileExec1746176166.dir/link.txt --verbose=1
/usr/bin/cc         CMakeFiles/cmTryCompileExec1746176166.dir/CheckIncludeFile.c.o  -o cmTryCompileExec1746176166 -rdynamic 
make[1]: Leaving directory `/home/knallr/Development/PLK/openPOWERLINK_PIFA/build2/CMakeFiles/CMakeTmp'


Determining if the include file stdarg.h exists passed with the following output:
Change Dir: /home/knallr/Development/PLK/openPOWERLINK_PIFA/build2/CMakeFiles/CMakeTmp

Run Build Command:/usr/bin/make "cmTryCompileExec428011228/fast"
/usr/bin/make -f CMakeFiles/cmTryCompileExec428011228.dir/build.make CMakeFiles/cmTryCompileExec428011228.dir/build
make[1]: Entering directory `/home/knallr/Development/PLK/openPOWERLINK_PIFA/build2/CMakeFiles/CMakeTmp'
/usr/bin/cmake -E cmake_progress_report /home/knallr/Development/PLK/openPOWERLINK_PIFA/build2/CMakeFiles/CMakeTmp/CMakeFiles 1
Building C object CMakeFiles/cmTryCompileExec428011228.dir/CheckIncludeFile.c.o
/usr/bin/cc    -o CMakeFiles/cmTryCompileExec428011228.dir/CheckIncludeFile.c.o   -c /home/knallr/Development/PLK/openPOWERLINK_PIFA/build2/CMakeFiles/CMakeTmp/CheckIncludeFile.c
Linking C executable cmTryCompileExec428011228
/usr/bin/cmake -E cmake_link_script CMakeFiles/cmTryCompileExec428011228.dir/link.txt --verbose=1
/usr/bin/cc         CMakeFiles/cmTryCompileExec428011228.dir/CheckIncludeFile.c.o  -o cmTryCompileExec428011228 -rdynamic 
make[1]: Leaving directory `/home/knallr/Development/PLK/openPOWERLINK_PIFA/build2/CMakeFiles/CMakeTmp'


Determining if the function bzero exists passed with the following output:
Change Dir: /home/knallr/Development/PLK/openPOWERLINK_PIFA/build2/CMakeFiles/CMakeTmp

Run Build Command:/usr/bin/make "cmTryCompileExec4052822881/fast"
/usr/bin/make -f CMakeFiles/cmTryCompileExec4052822881.dir/build.make CMakeFiles/cmTryCompileExec4052822881.dir/build
make[1]: Entering directory `/home/knallr/Development/PLK/openPOWERLINK_PIFA/build2/CMakeFiles/CMakeTmp'
/usr/bin/cmake -E cmake_progress_report /home/knallr/Development/PLK/openPOWERLINK_PIFA/build2/CMakeFiles/CMakeTmp/CMakeFiles 1
Building C object CMakeFiles/cmTryCompileExec4052822881.dir/CheckFunctionExists.c.o
/usr/bin/cc   -DCHECK_FUNCTION_EXISTS=bzero   -o CMakeFiles/cmTryCompileExec4052822881.dir/CheckFunctionExists.c.o   -c /usr/share/cmake-2.8/Modules/CheckFunctionExists.c
/usr/share/cmake-2.8/Modules/CheckFunctionExists.c:3:6: warning: conflicting types for built-in function ‘bzero’ [enabled by default]
Linking C executable cmTryCompileExec4052822881
/usr/bin/cmake -E cmake_link_script CMakeFiles/cmTryCompileExec4052822881.dir/link.txt --verbose=1
/usr/bin/cc     -DCHECK_FUNCTION_EXISTS=bzero    CMakeFiles/cmTryCompileExec4052822881.dir/CheckFunctionExists.c.o  -o cmTryCompileExec4052822881 -rdynamic 
make[1]: Leaving directory `/home/knallr/Development/PLK/openPOWERLINK_PIFA/build2/CMakeFiles/CMakeTmp'


Determining if the function inet_pton exists passed with the following output:
Change Dir: /home/knallr/Development/PLK/openPOWERLINK_PIFA/build2/CMakeFiles/CMakeTmp

Run Build Command:/usr/bin/make "cmTryCompileExec886204898/fast"
/usr/bin/make -f CMakeFiles/cmTryCompileExec886204898.dir/build.make CMakeFiles/cmTryCompileExec886204898.dir/build
make[1]: Entering directory `/home/knallr/Development/PLK/openPOWERLINK_PIFA/build2/CMakeFiles/CMakeTmp'
/usr/bin/cmake -E cmake_progress_report /home/knallr/Development/PLK/openPOWERLINK_PIFA/build2/CMakeFiles/CMakeTmp/CMakeFiles 1
Building C object CMakeFiles/cmTryCompileExec886204898.dir/CheckFunctionExists.c.o
/usr/bin/cc   -DCHECK_FUNCTION_EXISTS=inet_pton   -o CMakeFiles/cmTryCompileExec886204898.dir/CheckFunctionExists.c.o   -c /usr/share/cmake-2.8/Modules/CheckFunctionExists.c
Linking C executable cmTryCompileExec886204898
/usr/bin/cmake -E cmake_link_script CMakeFiles/cmTryCompileExec886204898.dir/link.txt --verbose=1
/usr/bin/cc     -DCHECK_FUNCTION_EXISTS=inet_pton    CMakeFiles/cmTryCompileExec886204898.dir/CheckFunctionExists.c.o  -o cmTryCompileExec886204898 -rdynamic 
make[1]: Leaving directory `/home/knallr/Development/PLK/openPOWERLINK_PIFA/build2/CMakeFiles/CMakeTmp'


Determining if the function snprintf exists passed with the following output:
Change Dir: /home/knallr/Development/PLK/openPOWERLINK_PIFA/build2/CMakeFiles/CMakeTmp

Run Build Command:/usr/bin/make "cmTryCompileExec2092453317/fast"
/usr/bin/make -f CMakeFiles/cmTryCompileExec2092453317.dir/build.make CMakeFiles/cmTryCompileExec2092453317.dir/build
make[1]: Entering directory `/home/knallr/Development/PLK/openPOWERLINK_PIFA/build2/CMakeFiles/CMakeTmp'
/usr/bin/cmake -E cmake_progress_report /home/knallr/Development/PLK/openPOWERLINK_PIFA/build2/CMakeFiles/CMakeTmp/CMakeFiles 1
Building C object CMakeFiles/cmTryCompileExec2092453317.dir/CheckFunctionExists.c.o
/usr/bin/cc   -DCHECK_FUNCTION_EXISTS=snprintf   -o CMakeFiles/cmTryCompileExec2092453317.dir/CheckFunctionExists.c.o   -c /usr/share/cmake-2.8/Modules/CheckFunctionExists.c
/usr/share/cmake-2.8/Modules/CheckFunctionExists.c:3:6: warning: conflicting types for built-in function ‘snprintf’ [enabled by default]
Linking C executable cmTryCompileExec2092453317
/usr/bin/cmake -E cmake_link_script CMakeFiles/cmTryCompileExec2092453317.dir/link.txt --verbose=1
/usr/bin/cc     -DCHECK_FUNCTION_EXISTS=snprintf    CMakeFiles/cmTryCompileExec2092453317.dir/CheckFunctionExists.c.o  -o cmTryCompileExec2092453317 -rdynamic 
make[1]: Leaving directory `/home/knallr/Development/PLK/openPOWERLINK_PIFA/build2/CMakeFiles/CMakeTmp'


Determining if the function strdup exists passed with the following output:
Change Dir: /home/knallr/Development/PLK/openPOWERLINK_PIFA/build2/CMakeFiles/CMakeTmp

Run Build Command:/usr/bin/make "cmTryCompileExec4273537404/fast"
/usr/bin/make -f CMakeFiles/cmTryCompileExec4273537404.dir/build.make CMakeFiles/cmTryCompileExec4273537404.dir/build
make[1]: Entering directory `/home/knallr/Development/PLK/openPOWERLINK_PIFA/build2/CMakeFiles/CMakeTmp'
/usr/bin/cmake -E cmake_progress_report /home/knallr/Development/PLK/openPOWERLINK_PIFA/build2/CMakeFiles/CMakeTmp/CMakeFiles 1
Building C object CMakeFiles/cmTryCompileExec4273537404.dir/CheckFunctionExists.c.o
/usr/bin/cc   -DCHECK_FUNCTION_EXISTS=strdup   -o CMakeFiles/cmTryCompileExec4273537404.dir/CheckFunctionExists.c.o   -c /usr/share/cmake-2.8/Modules/CheckFunctionExists.c
/usr/share/cmake-2.8/Modules/CheckFunctionExists.c:3:6: warning: conflicting types for built-in function ‘strdup’ [enabled by default]
Linking C executable cmTryCompileExec4273537404
/usr/bin/cmake -E cmake_link_script CMakeFiles/cmTryCompileExec4273537404.dir/link.txt --verbose=1
/usr/bin/cc     -DCHECK_FUNCTION_EXISTS=strdup    CMakeFiles/cmTryCompileExec4273537404.dir/CheckFunctionExists.c.o  -o cmTryCompileExec4273537404 -rdynamic 
make[1]: Leaving directory `/home/knallr/Development/PLK/openPOWERLINK_PIFA/build2/CMakeFiles/CMakeTmp'


Determining if the function vsnprintf exists passed with the following output:
Change Dir: /home/knallr/Development/PLK/openPOWERLINK_PIFA/build2/CMakeFiles/CMakeTmp

Run Build Command:/usr/bin/make "cmTryCompileExec3847149209/fast"
/usr/bin/make -f CMakeFiles/cmTryCompileExec3847149209.dir/build.make CMakeFiles/cmTryCompileExec3847149209.dir/build
make[1]: Entering directory `/home/knallr/Development/PLK/openPOWERLINK_PIFA/build2/CMakeFiles/CMakeTmp'
/usr/bin/cmake -E cmake_progress_report /home/knallr/Development/PLK/openPOWERLINK_PIFA/build2/CMakeFiles/CMakeTmp/CMakeFiles 1
Building C object CMakeFiles/cmTryCompileExec3847149209.dir/CheckFunctionExists.c.o
/usr/bin/cc   -DCHECK_FUNCTION_EXISTS=vsnprintf   -o CMakeFiles/cmTryCompileExec3847149209.dir/CheckFunctionExists.c.o   -c /usr/share/cmake-2.8/Modules/CheckFunctionExists.c
/usr/share/cmake-2.8/Modules/CheckFunctionExists.c:3:6: warning: conflicting types for built-in function ‘vsnprintf’ [enabled by default]
Linking C executable cmTryCompileExec3847149209
/usr/bin/cmake -E cmake_link_script CMakeFiles/cmTryCompileExec3847149209.dir/link.txt --verbose=1
/usr/bin/cc     -DCHECK_FUNCTION_EXISTS=vsnprintf    CMakeFiles/cmTryCompileExec3847149209.dir/CheckFunctionExists.c.o  -o cmTryCompileExec3847149209 -rdynamic 
make[1]: Leaving directory `/home/knallr/Development/PLK/openPOWERLINK_PIFA/build2/CMakeFiles/CMakeTmp'


